Arguments: 
  C:\Program Files\nodejs\node.exe C:\Users\samuc\AppData\Roaming\npm\node_modules\yarn\bin\yarn.js install

PATH: 
  C:\Python311\Scripts\;C:\Python311\;C:\Program Files\NVIDIA GPU Computing Toolkit\CUDA\v12.1\bin;C:\Program Files\NVIDIA GPU Computing Toolkit\CUDA\v12.1\libnvvp;C:\Program Files (x86)\Common Files\Oracle\Java\javapath;C:\Windows\system32;C:\Windows;C:\Windows\System32\Wbem;C:\Windows\System32\WindowsPowerShell\v1.0\;C:\Windows\System32\OpenSSH\;C:\Program Files (x86)\NVIDIA Corporation\PhysX\Common;C:\Program Files\NVIDIA Corporation\NVIDIA NvDLISR;C:\WINDOWS\system32;C:\WINDOWS;C:\WINDOWS\System32\Wbem;C:\WINDOWS\System32\WindowsPowerShell\v1.0\;C:\WINDOWS\System32\OpenSSH\;C:\Program Files\Git\cmd;C:\Program Files\NVIDIA Corporation\Nsight Compute 2023.1.0\;C:\ProgramData\chocolatey\bin;C:\Program Files\nodejs\;C:\Users\samuc\AppData\Local\Microsoft\WindowsApps;C:\Users\samuc\AppData\Local\Programs\Microsoft VS Code\bin;C:\Users\samuc\AppData\Local\GitHubDesktop\bin;C:\Users\samuc\AppData\Roaming\npm

Yarn version: 
  1.22.19

Node version: 
  18.15.0

Platform: 
  win32 x64

npm manifest: 
  {
    "name": "simple-nodejs-server",
    "version": "1.0.0",
    "description": "Simple Node.js Server",
    "main": "index.js",
    "scripts": {
      "start": "node server.js",
      "test": "echo \"Error: no test specified\" && exit 1"
    },
    "author": "Aline Bastos",
    "license": "ISC",
    "dependencies": {
      "express": "^4.18.2",
      "torch-js": "npm:@arition/torch-js"
    }
  }

yarn manifest: 
  No manifest

Lockfile: 
  No lockfile
